Logging initialized.
Simulation started.
Displaying current tracks state...
Train A position: 0
Train B position: 0
Displaying current tracks state...
Train A position: 1
Train B position: 1
Displaying current tracks state...
Displaying current tracks state...
Train B position: 2
Train A position: 2
Displaying current tracks state...
Displaying current tracks state...
Train B position: 3
Train A position: 3
Displaying current tracks state...
Displaying current tracks state...
Train A position: 4
Train B position: 4
Displaying current tracks state...
Displaying current tracks state...
Train A position: 5Train B position: 5

Displaying current tracks state...
Displaying current tracks state...
Train B position: 6
Train A position: 6
Displaying current tracks state...
Displaying current tracks state...
Train A position: 7
Train B position: 7
Displaying current tracks state...
Displaying current tracks state...
Train A position: 8Train B position: 8

Displaying current tracks state...
Displaying current tracks state...
Train A position: 9Train B position: 9

Train B is entering the shared track.
Displaying current tracks state...
Displaying current tracks state...
Train B position: 10
Train B is on the shared track.
Displaying current tracks state...
Displaying current tracks state...
Train B position: 11
Train B is on the shared track.
Displaying current tracks state...
Displaying current tracks state...
Train B position: 12
Train B is on the shared track.
Displaying current tracks state...
Displaying current tracks state...
Train B position: 13
Train B is on the shared track.
Displaying current tracks state...
Displaying current tracks state...
Train B position: 14
Train B is on the shared track.
Displaying current tracks state...
Displaying current tracks state...
Train B position: 15
Train B is on the shared track.
Train B has left the shared track.
Train A is entering the shared track.
Train C position: 0
Displaying current tracks state...
Displaying current tracks state...
Train B position: 16Train A position: 10

Train C position: 1
Train A is on the shared track.
Displaying current tracks state...
